xFormers not available
xFormers not available
2025-07-07 09:17:36,927 INFO     [evaluate_stereo.py:476] Loading checkpoint...
2025-07-07 09:17:36,928 INFO     [evaluate_stereo.py:477] ./checkpoints/mix_all.pth
2025-07-07 09:17:39,149 INFO     [evaluate_stereo.py:492] Done loading checkpoint
/home/s0214/.conda/envs/monster/lib/python3.8/site-packages/torch/nn/functional.py:4296: UserWarning: Default grid_sample and affine_grid behavior has changed to align_corners=False since 1.3.0. Please specify align_corners=True if the old behavior is desired. See the documentation of grid_sample for details.
  warnings.warn(
2025-07-07 09:17:53,676 INFO     [evaluate_stereo.py:375] WHU Iter 1 out of 122. EPE 18.2334 D1 0.9525. Runtime: 14.131s (0.07-FPS)
2025-07-07 09:17:54,971 INFO     [evaluate_stereo.py:375] WHU Iter 2 out of 122. EPE 26.2253 D1 0.966. Runtime: 1.184s (0.84-FPS)
2025-07-07 09:17:56,252 INFO     [evaluate_stereo.py:375] WHU Iter 3 out of 122. EPE 28.9708 D1 0.7846. Runtime: 1.182s (0.85-FPS)
2025-07-07 09:17:57,532 INFO     [evaluate_stereo.py:375] WHU Iter 4 out of 122. EPE 14.3536 D1 1.0. Runtime: 1.182s (0.85-FPS)
2025-07-07 09:17:58,814 INFO     [evaluate_stereo.py:375] WHU Iter 5 out of 122. EPE 26.674 D1 0.9841. Runtime: 1.181s (0.85-FPS)
2025-07-07 09:18:00,089 INFO     [evaluate_stereo.py:375] WHU Iter 6 out of 122. EPE 22.3323 D1 0.8411. Runtime: 1.180s (0.85-FPS)
2025-07-07 09:18:01,363 INFO     [evaluate_stereo.py:375] WHU Iter 7 out of 122. EPE 30.6596 D1 0.9059. Runtime: 1.182s (0.85-FPS)
2025-07-07 09:18:02,641 INFO     [evaluate_stereo.py:375] WHU Iter 8 out of 122. EPE 36.5687 D1 0.8722. Runtime: 1.183s (0.85-FPS)
2025-07-07 09:18:03,918 INFO     [evaluate_stereo.py:375] WHU Iter 9 out of 122. EPE 16.9907 D1 0.8895. Runtime: 1.184s (0.84-FPS)
2025-07-07 09:18:05,194 INFO     [evaluate_stereo.py:375] WHU Iter 10 out of 122. EPE 32.5002 D1 1.0. Runtime: 1.183s (0.85-FPS)
2025-07-07 09:18:18,000 INFO     [evaluate_stereo.py:375] WHU Iter 20 out of 122. EPE 66.6501 D1 0.9696. Runtime: 1.187s (0.84-FPS)
2025-07-07 09:18:30,819 INFO     [evaluate_stereo.py:375] WHU Iter 30 out of 122. EPE 24.0237 D1 0.9931. Runtime: 1.189s (0.84-FPS)
2025-07-07 09:18:43,676 INFO     [evaluate_stereo.py:375] WHU Iter 40 out of 122. EPE 45.8496 D1 0.9995. Runtime: 1.191s (0.84-FPS)
2025-07-07 09:18:56,566 INFO     [evaluate_stereo.py:375] WHU Iter 50 out of 122. EPE 10.5013 D1 0.7215. Runtime: 1.194s (0.84-FPS)
2025-07-07 09:19:09,731 INFO     [evaluate_stereo.py:375] WHU Iter 60 out of 122. EPE 48.2005 D1 0.9984. Runtime: 1.195s (0.84-FPS)
2025-07-07 09:19:22,653 INFO     [evaluate_stereo.py:375] WHU Iter 70 out of 122. EPE 55.1186 D1 0.9579. Runtime: 1.196s (0.84-FPS)
2025-07-07 09:19:35,666 INFO     [evaluate_stereo.py:375] WHU Iter 80 out of 122. EPE 13.2547 D1 1.0. Runtime: 1.197s (0.84-FPS)
2025-07-07 09:19:48,604 INFO     [evaluate_stereo.py:375] WHU Iter 90 out of 122. EPE 40.5669 D1 0.8157. Runtime: 1.202s (0.83-FPS)
2025-07-07 09:20:01,544 INFO     [evaluate_stereo.py:375] WHU Iter 100 out of 122. EPE 13.0826 D1 0.49. Runtime: 1.199s (0.83-FPS)
2025-07-07 09:20:14,747 INFO     [evaluate_stereo.py:375] WHU Iter 110 out of 122. EPE 37.46 D1 0.8209. Runtime: 1.209s (0.83-FPS)
2025-07-07 09:20:27,762 INFO     [evaluate_stereo.py:375] WHU Iter 120 out of 122. EPE 63.7488 D1 0.8001. Runtime: 1.207s (0.83-FPS)
