xFormers not available
xFormers not available
2025-08-10 12:34:50,527 INFO     [evaluate_stereo.py:504] Loading checkpoint...
2025-08-10 12:34:50,527 INFO     [evaluate_stereo.py:505] ./checkpoints/mix_all.pth
2025-08-10 12:34:52,350 INFO     [evaluate_stereo.py:520] Done loading checkpoint
/home/s0214/.conda/envs/monster/lib/python3.8/site-packages/torch/nn/functional.py:4296: UserWarning: Default grid_sample and affine_grid behavior has changed to align_corners=False since 1.3.0. Please specify align_corners=True if the old behavior is desired. See the documentation of grid_sample for details.
  warnings.warn(
2025-08-10 12:35:07,235 INFO     [evaluate_stereo.py:391] WHU Iter 1/122. EPE 18.222 D1 0.9526 Valid pixels: 995143. Runtime: 14.456s (0.07-FPS)
2025-08-10 12:35:08,558 INFO     [evaluate_stereo.py:391] WHU Iter 2/122. EPE 26.2438 D1 0.9659 Valid pixels: 930761. Runtime: 1.224s (0.82-FPS)
2025-08-10 12:35:09,869 INFO     [evaluate_stereo.py:391] WHU Iter 3/122. EPE 28.9374 D1 0.7845 Valid pixels: 1004208. Runtime: 1.224s (0.82-FPS)
2025-08-10 12:35:11,182 INFO     [evaluate_stereo.py:391] WHU Iter 4/122. EPE 14.3623 D1 1.0 Valid pixels: 514576. Runtime: 1.225s (0.82-FPS)
2025-08-10 12:35:12,499 INFO     [evaluate_stereo.py:391] WHU Iter 5/122. EPE 26.6936 D1 0.984 Valid pixels: 703658. Runtime: 1.226s (0.82-FPS)
2025-08-10 12:35:13,815 INFO     [evaluate_stereo.py:391] WHU Iter 6/122. EPE 22.3553 D1 0.8418 Valid pixels: 669368. Runtime: 1.228s (0.81-FPS)
2025-08-10 12:35:15,131 INFO     [evaluate_stereo.py:391] WHU Iter 7/122. EPE 30.7034 D1 0.9061 Valid pixels: 459242. Runtime: 1.229s (0.81-FPS)
2025-08-10 12:35:16,457 INFO     [evaluate_stereo.py:391] WHU Iter 8/122. EPE 36.6278 D1 0.872 Valid pixels: 710178. Runtime: 1.231s (0.81-FPS)
2025-08-10 12:35:17,780 INFO     [evaluate_stereo.py:391] WHU Iter 9/122. EPE 16.9603 D1 0.8894 Valid pixels: 735494. Runtime: 1.230s (0.81-FPS)
2025-08-10 12:35:19,101 INFO     [evaluate_stereo.py:391] WHU Iter 10/122. EPE 32.5391 D1 1.0 Valid pixels: 349215. Runtime: 1.232s (0.81-FPS)
2025-08-10 12:35:32,338 INFO     [evaluate_stereo.py:391] WHU Iter 20/122. EPE 66.6504 D1 0.9693 Valid pixels: 693492. Runtime: 1.231s (0.81-FPS)
2025-08-10 12:35:45,563 INFO     [evaluate_stereo.py:391] WHU Iter 30/122. EPE 24.0385 D1 0.9931 Valid pixels: 664395. Runtime: 1.238s (0.81-FPS)
2025-08-10 12:35:58,941 INFO     [evaluate_stereo.py:391] WHU Iter 40/122. EPE 45.8413 D1 0.9995 Valid pixels: 623723. Runtime: 1.250s (0.80-FPS)
2025-08-10 12:36:12,333 INFO     [evaluate_stereo.py:391] WHU Iter 50/122. EPE 10.4527 D1 0.7237 Valid pixels: 616953. Runtime: 1.251s (0.80-FPS)
2025-08-10 12:36:25,740 INFO     [evaluate_stereo.py:391] WHU Iter 60/122. EPE 48.2103 D1 0.9984 Valid pixels: 510017. Runtime: 1.252s (0.80-FPS)
2025-08-10 12:36:39,144 INFO     [evaluate_stereo.py:391] WHU Iter 70/122. EPE 55.0315 D1 0.9582 Valid pixels: 236198. Runtime: 1.243s (0.80-FPS)
2025-08-10 12:36:52,659 INFO     [evaluate_stereo.py:391] WHU Iter 80/122. EPE 13.2795 D1 1.0 Valid pixels: 564691. Runtime: 1.243s (0.80-FPS)
2025-08-10 12:37:05,992 INFO     [evaluate_stereo.py:391] WHU Iter 90/122. EPE 40.5145 D1 0.8155 Valid pixels: 743447. Runtime: 1.246s (0.80-FPS)
2025-08-10 12:37:19,329 INFO     [evaluate_stereo.py:391] WHU Iter 100/122. EPE 13.0988 D1 0.4902 Valid pixels: 951111. Runtime: 1.250s (0.80-FPS)
2025-08-10 12:37:32,659 INFO     [evaluate_stereo.py:391] WHU Iter 110/122. EPE 37.4577 D1 0.8204 Valid pixels: 987000. Runtime: 1.242s (0.80-FPS)
2025-08-10 12:37:45,983 INFO     [evaluate_stereo.py:391] WHU Iter 120/122. EPE 63.7667 D1 0.8002 Valid pixels: 879365. Runtime: 1.241s (0.81-FPS)
