xFormers not available
xFormers not available
2025-08-09 23:14:39,839 INFO     [evaluate_stereo.py:504] Loading checkpoint...
2025-08-09 23:14:39,839 INFO     [evaluate_stereo.py:505] ./checkpoints/mix_all.pth
2025-08-09 23:14:41,990 INFO     [evaluate_stereo.py:520] Done loading checkpoint
/home/s0214/.conda/envs/monster/lib/python3.8/site-packages/torch/nn/functional.py:4296: UserWarning: Default grid_sample and affine_grid behavior has changed to align_corners=False since 1.3.0. Please specify align_corners=True if the old behavior is desired. See the documentation of grid_sample for details.
  warnings.warn(
2025-08-09 23:14:58,154 INFO     [evaluate_stereo.py:391] WHU Iter 1/122. EPE 12.8029 D1 1.0 Valid pixels: 501746. Runtime: 15.663s (0.06-FPS)
2025-08-09 23:14:59,451 INFO     [evaluate_stereo.py:391] WHU Iter 2/122. EPE 20.713 D1 1.0 Valid pixels: 555814. Runtime: 1.188s (0.84-FPS)
2025-08-09 23:15:01,129 INFO     [evaluate_stereo.py:391] WHU Iter 3/122. EPE 16.1414 D1 0.9998 Valid pixels: 566696. Runtime: 1.395s (0.72-FPS)
2025-08-09 23:15:02,743 INFO     [evaluate_stereo.py:391] WHU Iter 4/122. EPE 13.0393 D1 1.0 Valid pixels: 397188. Runtime: 1.386s (0.72-FPS)
2025-08-09 23:15:04,075 INFO     [evaluate_stereo.py:391] WHU Iter 5/122. EPE 22.737 D1 1.0 Valid pixels: 406790. Runtime: 1.193s (0.84-FPS)
2025-08-09 23:15:05,356 INFO     [evaluate_stereo.py:391] WHU Iter 6/122. EPE 10.1108 D1 1.0 Valid pixels: 462041. Runtime: 1.186s (0.84-FPS)
2025-08-09 23:15:06,639 INFO     [evaluate_stereo.py:391] WHU Iter 7/122. EPE 23.9186 D1 1.0 Valid pixels: 284689. Runtime: 1.188s (0.84-FPS)
2025-08-09 23:15:07,923 INFO     [evaluate_stereo.py:391] WHU Iter 8/122. EPE 26.7435 D1 1.0 Valid pixels: 438875. Runtime: 1.189s (0.84-FPS)
2025-08-09 23:15:09,208 INFO     [evaluate_stereo.py:391] WHU Iter 9/122. EPE 13.7858 D1 1.0 Valid pixels: 422744. Runtime: 1.188s (0.84-FPS)
2025-08-09 23:15:10,490 INFO     [evaluate_stereo.py:391] WHU Iter 10/122. EPE 28.3079 D1 1.0 Valid pixels: 212898. Runtime: 1.188s (0.84-FPS)
2025-08-09 23:15:23,319 INFO     [evaluate_stereo.py:391] WHU Iter 20/122. EPE 67.6348 D1 0.9989 Valid pixels: 607097. Runtime: 1.191s (0.84-FPS)
2025-08-09 23:15:36,226 INFO     [evaluate_stereo.py:391] WHU Iter 30/122. EPE 22.5365 D1 1.0 Valid pixels: 384081. Runtime: 1.193s (0.84-FPS)
2025-08-09 23:15:49,164 INFO     [evaluate_stereo.py:391] WHU Iter 40/122. EPE 19.5726 D1 1.0 Valid pixels: 374793. Runtime: 1.207s (0.83-FPS)
2025-08-09 23:16:02,212 INFO     [evaluate_stereo.py:391] WHU Iter 50/122. EPE 10.7586 D1 1.0 Valid pixels: 508881. Runtime: 1.207s (0.83-FPS)
2025-08-09 23:16:15,296 INFO     [evaluate_stereo.py:391] WHU Iter 60/122. EPE 32.5276 D1 1.0 Valid pixels: 213271. Runtime: 1.209s (0.83-FPS)
2025-08-09 23:16:28,349 INFO     [evaluate_stereo.py:391] WHU Iter 70/122. EPE 35.2965 D1 1.0 Valid pixels: 128012. Runtime: 1.210s (0.83-FPS)
2025-08-09 23:16:41,560 INFO     [evaluate_stereo.py:391] WHU Iter 80/122. EPE 12.6788 D1 1.0 Valid pixels: 402872. Runtime: 1.200s (0.83-FPS)
2025-08-09 23:16:54,511 INFO     [evaluate_stereo.py:391] WHU Iter 90/122. EPE 34.3265 D1 0.9999 Valid pixels: 488455. Runtime: 1.202s (0.83-FPS)
2025-08-09 23:17:08,070 INFO     [evaluate_stereo.py:391] WHU Iter 100/122. EPE 7.5125 D1 0.9997 Valid pixels: 712157. Runtime: 1.203s (0.83-FPS)
2025-08-09 23:17:21,055 INFO     [evaluate_stereo.py:391] WHU Iter 110/122. EPE 27.7053 D1 0.9979 Valid pixels: 637826. Runtime: 1.204s (0.83-FPS)
2025-08-09 23:17:34,039 INFO     [evaluate_stereo.py:391] WHU Iter 120/122. EPE 53.0415 D1 1.0 Valid pixels: 513917. Runtime: 1.204s (0.83-FPS)
