[2025-08-10 22:21:27,165][accelerate.utils.other][WARNING] - Detected kernel version 4.18.0, which is below the recommended minimum of 5.5.0; this can cause the process to hang. It is recommended to upgrade the kernel to the minimum version or higher.
train_datasets ['whu']
[2025-08-10 22:21:27,177][root][INFO] - Adding 1220 samples from WHU Stereo
[2025-08-10 22:21:27,310][dinov2][INFO] - using MLP layer as FFN
train_datasets ['whu']
train_datasets ['whu']
[2025-08-10 22:21:27,354][root][INFO] - Adding 1220 samples from WHU Stereo
[2025-08-10 22:21:27,354][root][INFO] - Adding 1220 samples from WHU Stereo
train_datasets ['whu']
[2025-08-10 22:21:27,439][root][INFO] - Adding 1220 samples from WHU Stereo
[2025-08-10 22:21:27,486][dinov2][INFO] - using MLP layer as FFN
[2025-08-10 22:21:27,487][dinov2][INFO] - using MLP layer as FFN
[2025-08-10 22:21:27,569][dinov2][INFO] - using MLP layer as FFN
DepthAnythingV2 out_channels [256, 512, 1024, 1024]
DepthAnythingV2 out_channels [256, 512, 1024, 1024]
DepthAnythingV2 out_channels [256, 512, 1024, 1024]
DepthAnythingV2_decoder out_channels [256, 512, 1024, 1024]
DepthAnythingV2 out_channels [256, 512, 1024, 1024]
DepthAnythingV2_decoder out_channels [256, 512, 1024, 1024]
DepthAnythingV2_decoder out_channels [256, 512, 1024, 1024]
DepthAnythingV2_decoder out_channels [256, 512, 1024, 1024]
Loading checkpoint from ./checkpoints/mix_all.pth
Loading checkpoint from ./checkpoints/mix_all.pth
Loading checkpoint from ./checkpoints/mix_all.pth
Loading checkpoint from ./checkpoints/mix_all.pth
Loaded checkpoint from ./checkpoints/mix_all.pth successfully
Loaded checkpoint from ./checkpoints/mix_all.pth successfully
Loaded checkpoint from ./checkpoints/mix_all.pth successfully
Loaded checkpoint from ./checkpoints/mix_all.pth successfully
