train_datasets ['whu']
train_datasets ['whu']
[2025-08-10 21:59:54,593][root][INFO] - Adding 1220 samples from WHU Stereo
[2025-08-10 21:59:54,596][root][INFO] - Adding 1220 samples from WHU Stereo
[2025-08-10 21:59:54,626][accelerate.utils.other][WARNING] - Detected kernel version 4.18.0, which is below the recommended minimum of 5.5.0; this can cause the process to hang. It is recommended to upgrade the kernel to the minimum version or higher.
train_datasets ['whu']
[2025-08-10 21:59:54,640][root][INFO] - Adding 1220 samples from WHU Stereo
train_datasets ['whu']
[2025-08-10 21:59:54,713][root][INFO] - Adding 1220 samples from WHU Stereo
[2025-08-10 21:59:54,727][dinov2][INFO] - using MLP layer as FFN
[2025-08-10 21:59:54,772][dinov2][INFO] - using MLP layer as FFN
[2025-08-10 21:59:54,781][dinov2][INFO] - using MLP layer as FFN
[2025-08-10 21:59:54,904][dinov2][INFO] - using MLP layer as FFN
DepthAnythingV2 out_channels [256, 512, 1024, 1024]
DepthAnythingV2 out_channels [256, 512, 1024, 1024]
DepthAnythingV2 out_channels [256, 512, 1024, 1024]
DepthAnythingV2 out_channels [256, 512, 1024, 1024]
DepthAnythingV2_decoder out_channels [256, 512, 1024, 1024]
DepthAnythingV2_decoder out_channels [256, 512, 1024, 1024]
DepthAnythingV2_decoder out_channels [256, 512, 1024, 1024]
DepthAnythingV2_decoder out_channels [256, 512, 1024, 1024]
Loading checkpoint from ./checkpoints/mix_all.pth
Loading checkpoint from ./checkpoints/mix_all.pth
Loading checkpoint from ./checkpoints/mix_all.pth
Loading checkpoint from ./checkpoints/mix_all.pth
Loaded checkpoint from ./checkpoints/mix_all.pth successfully
Loaded checkpoint from ./checkpoints/mix_all.pth successfully
Loaded checkpoint from ./checkpoints/mix_all.pth successfully
Loaded checkpoint from ./checkpoints/mix_all.pth successfully
