train_datasets ['whu']
train_datasets ['whu']
[2025-08-10 23:44:43,520][root][INFO] - Adding 1220 samples from WHU Stereo
[2025-08-10 23:44:43,523][root][INFO] - Adding 1220 samples from WHU Stereo
[2025-08-10 23:44:43,530][accelerate.utils.other][WARNING] - Detected kernel version 4.18.0, which is below the recommended minimum of 5.5.0; this can cause the process to hang. It is recommended to upgrade the kernel to the minimum version or higher.
train_datasets ['whu']
[2025-08-10 23:44:43,542][root][INFO] - Adding 1220 samples from WHU Stereo
train_datasets ['whu']
[2025-08-10 23:44:43,804][root][INFO] - Adding 1220 samples from WHU Stereo
[2025-08-10 23:44:43,816][dinov2][INFO] - using MLP layer as FFN
[2025-08-10 23:44:43,819][dinov2][INFO] - using MLP layer as FFN
[2025-08-10 23:44:43,823][dinov2][INFO] - using MLP layer as FFN
[2025-08-10 23:44:44,052][dinov2][INFO] - using MLP layer as FFN
DepthAnythingV2 out_channels [256, 512, 1024, 1024]
DepthAnythingV2 out_channels [256, 512, 1024, 1024]
DepthAnythingV2 out_channels [256, 512, 1024, 1024]
DepthAnythingV2_decoder out_channels [256, 512, 1024, 1024]
DepthAnythingV2_decoder out_channels [256, 512, 1024, 1024]
DepthAnythingV2_decoder out_channels [256, 512, 1024, 1024]
DepthAnythingV2 out_channels [256, 512, 1024, 1024]
DepthAnythingV2_decoder out_channels [256, 512, 1024, 1024]
Loading checkpoint from ./checkpoints/mix_all.pth
Checkpoint loading commented out - training from scratch to avoid architecture mismatch
Loading checkpoint from ./checkpoints/mix_all.pth
Checkpoint loading commented out - training from scratch to avoid architecture mismatch
Loading checkpoint from ./checkpoints/mix_all.pth
Checkpoint loading commented out - training from scratch to avoid architecture mismatch
Loading checkpoint from ./checkpoints/mix_all.pth
Checkpoint loading commented out - training from scratch to avoid architecture mismatch
