DepthAnythingV2 out_channels [256, 512, 1024, 1024]
DepthAnythingV2_decoder out_channels [256, 512, 1024, 1024]
Total number of parameters: 388.69M
Total number of trainable parameters: 53.38M
The model has 53.38M learnable parameters.
{'whu-epe': 48.80339612335455, 'whu-d1': 99.74796708378048, 'whu-epe-list': [44.40730667114258, 89.62313079833984, 23.73928451538086, 25.240976333618164, 29.67839813232422, 39.50767135620117, 67.08675384521484, 50.88467025756836, 35.09170913696289, 19.47402572631836, 23.408998489379883, 34.8392448425293, 44.46488571166992, 27.304733276367188, 66.48509216308594, 21.85334014892578, 19.4630126953125, 34.458282470703125, 43.42656326293945, 21.750547409057617, 48.201454162597656, 27.67510986328125, 27.39971923828125, 73.30386352539062, 72.8691635131836, 36.98572540283203, 23.521818161010742, 89.36868286132812, 21.764341354370117, 80.91062927246094, 57.2938346862793, 20.547040939331055, 24.411067962646484, 115.69357299804688, 32.4661865234375, 99.81338500976562, 124.64350891113281, 17.3612060546875, 17.44141960144043, 43.589481353759766, 53.62811279296875, 22.05009651184082, 17.359846115112305, 28.300416946411133, 38.80270767211914, 24.344491958618164, 13.838916778564453, 25.290311813354492, 25.6505184173584, 24.09949493408203, 36.79739761352539, 31.084257125854492, 19.846885681152344, 71.56584930419922, 26.6452579498291, 33.80130386352539, 58.766597747802734, 23.945247650146484, 18.952260971069336, 25.502166748046875, 41.93337631225586, 23.679426193237305, 34.16518783569336, 22.700342178344727, 30.720813751220703, 28.67786407470703, 19.81407928466797, 43.790130615234375, 24.465456008911133, 14.87071418762207, 39.108306884765625, 36.282161712646484, 23.748424530029297, 34.4808349609375, 33.63936996459961, 14.520651817321777, 22.797298431396484, 16.07313346862793, 13.670723915100098, 11.077422142028809, 40.85026168823242, 37.017696380615234, 18.535512924194336, 76.96524047851562, 99.98954772949219, 69.4118423461914, 99.064453125, 30.291889190673828, 69.56327819824219, 35.795196533203125, 94.45277404785156, 113.69002532958984, 31.276336669921875, 111.49736785888672, 23.64579200744629, 40.541717529296875, 33.798240661621094, 36.809776306152344, 116.05270385742188, 25.901470184326172, 137.03482055664062, 100.16669464111328, 97.01261901855469, 114.53325653076172, 86.56964111328125, 84.51042175292969, 26.589534759521484, 18.640737533569336, 138.48538208007812, 32.7587776184082, 103.92675018310547, 91.01266479492188, 101.07186126708984, 39.64725112915039, 104.6828384399414, 29.94400405883789, 58.071868896484375, 93.31449127197266, 115.05717468261719, 68.57000732421875, 94.94922637939453, 44.375484466552734], 'whu-d1-list': [array([ True,  True,  True, ...,  True,  True,  True]), array([ True,  True,  True, ...,  True,  True,  True]), array([ True,  True,  True, ...,  True,  True,  True]), array([ True,  True,  True, ...,  True,  True,  True]), array([ True,  True,  True, ...,  True,  True,  True]), array([ True,  True,  True, ...,  True,  True,  True]), array([ True,  True,  True, ...,  True,  True,  True]), array([ True,  True,  True, ...,  True,  True,  True]), array([ True,  True,  True, ...,  True,  True,  True]), array([ True,  True,  True, ...,  True,  True,  True]), array([ True,  True,  True, ...,  True,  True,  True]), array([ True,  True,  True, ...,  True,  True,  True]), array([ True,  True,  True, ...,  True,  True,  True]), array([ True,  True,  True, ...,  True,  True,  True]), array([ True,  True,  True, ...,  True,  True,  True]), array([ True,  True,  True, ...,  True,  True,  True]), array([ True,  True,  True, ...,  True,  True,  True]), array([ True,  True,  True, ...,  True,  True,  True]), array([ True,  True,  True, ...,  True,  True,  True]), array([ True,  True,  True, ...,  True,  True,  True]), array([ True,  True,  True, ...,  True,  True,  True]), array([ True,  True,  True, ...,  True,  True,  True]), array([ True,  True,  True, ...,  True,  True,  True]), array([ True,  True,  True, ...,  True,  True,  True]), array([ True,  True,  True, ...,  True,  True,  True]), array([ True,  True,  True, ...,  True,  True,  True]), array([ True,  True,  True, ...,  True,  True,  True]), array([ True,  True,  True, ...,  True,  True,  True]), array([ True,  True,  True, ...,  True,  True,  True]), array([ True,  True,  True, ...,  True,  True,  True]), array([ True,  True,  True, ...,  True,  True,  True]), array([ True,  True,  True, ...,  True,  True,  True]), array([ True,  True,  True, ...,  True,  True,  True]), array([ True,  True,  True,  True,  True,  True,  True,  True,  True,
        True,  True,  True,  True,  True,  True,  True,  True,  True,
        True,  True,  True,  True,  True,  True,  True,  True,  True,
        True,  True,  True,  True,  True,  True,  True,  True,  True,
        True,  True,  True,  True,  True,  True,  True,  True,  True,
        True,  True,  True,  True,  True,  True,  True,  True,  True,
        True,  True,  True,  True,  True,  True,  True,  True,  True,
        True,  True,  True,  True,  True,  True,  True,  True,  True,
        True,  True,  True,  True,  True,  True,  True,  True,  True,
        True,  True,  True,  True,  True,  True,  True,  True,  True]), array([ True,  True,  True, ...,  True,  True,  True]), array([ True,  True,  True, ...,  True,  True,  True]), array([ True,  True,  True,  True,  True,  True,  True,  True,  True,
        True,  True,  True,  True,  True,  True,  True,  True,  True,
        True,  True,  True,  True,  True,  True,  True,  True,  True,
        True,  True,  True,  True,  True,  True,  True,  True,  True,
        True,  True,  True,  True,  True,  True,  True,  True,  True,
        True,  True,  True,  True,  True,  True,  True,  True,  True,
        True,  True,  True,  True,  True,  True,  True,  True,  True,
        True,  True,  True,  True,  True,  True,  True,  True,  True,
        True,  True,  True,  True,  True,  True,  True,  True,  True,
        True,  True,  True,  True,  True,  True,  True,  True,  True,
        True,  True,  True,  True,  True,  True,  True,  True,  True,
        True,  True,  True,  True,  True,  True,  True,  True,  True,
        True,  True,  True,  True,  True,  True,  True,  True,  True,
        True,  True,  True,  True,  True,  True,  True,  True,  True,
        True,  True,  True,  True,  True,  True,  True,  True,  True,
        True,  True,  True,  True,  True, False,  True,  True,  True,
        True,  True,  True,  True,  True,  True,  True,  True,  True,
        True,  True,  True,  True,  True,  True,  True,  True,  True,
        True,  True,  True,  True,  True,  True,  True,  True,  True,
        True,  True,  True,  True,  True,  True,  True,  True,  True,
        True,  True,  True,  True,  True,  True,  True,  True,  True,
        True,  True,  True,  True,  True,  True,  True,  True,  True,
        True,  True,  True,  True,  True,  True,  True,  True,  True,
        True,  True,  True,  True,  True,  True,  True,  True,  True,
        True,  True,  True,  True,  True,  True,  True,  True,  True,
        True,  True,  True,  True,  True,  True,  True,  True,  True,
        True,  True,  True,  True,  True,  True,  True,  True,  True,
        True,  True,  True,  True,  True,  True,  True,  True,  True,
        True,  True,  True,  True,  True,  True,  True,  True,  True,
        True,  True,  True,  True,  True,  True,  True,  True,  True,
        True,  True,  True,  True,  True,  True,  True,  True,  True,
        True,  True,  True,  True,  True,  True,  True,  True,  True,
        True,  True,  True,  True,  True,  True,  True,  True,  True,
        True,  True,  True,  True,  True,  True,  True,  True,  True,
        True,  True,  True,  True,  True,  True,  True,  True,  True,
        True,  True,  True,  True,  True,  True,  True,  True,  True,
        True,  True,  True,  True,  True,  True,  True,  True,  True,
        True,  True,  True,  True,  True,  True,  True,  True,  True,
        True,  True,  True,  True,  True,  True,  True,  True,  True,
        True,  True,  True,  True,  True,  True,  True,  True,  True,
        True,  True,  True,  True,  True,  True,  True,  True,  True,
        True,  True,  True,  True,  True,  True,  True,  True,  True,
        True,  True,  True,  True,  True,  True,  True,  True,  True,
        True,  True,  True,  True,  True,  True,  True,  True,  True,
        True,  True,  True,  True,  True,  True,  True,  True,  True,
        True,  True,  True]), array([ True,  True,  True, ...,  True,  True,  True]), array([ True,  True,  True, ...,  True,  True,  True]), array([ True,  True,  True, ...,  True,  True,  True]), array([ True,  True,  True, ...,  True,  True,  True]), array([ True,  True,  True, ...,  True,  True,  True]), array([ True,  True,  True, ...,  True,  True,  True]), array([ True,  True,  True, ...,  True,  True,  True]), array([ True,  True,  True, ...,  True,  True,  True]), array([ True,  True,  True, ...,  True,  True,  True]), array([ True,  True,  True, ...,  True,  True,  True]), array([ True,  True,  True, ...,  True,  True,  True]), array([ True,  True,  True, ...,  True,  True,  True]), array([ True,  True,  True, ...,  True,  True,  True]), array([ True,  True,  True, ...,  True,  True,  True]), array([ True,  True,  True, ...,  True,  True,  True]), array([ True,  True,  True, ...,  True,  True,  True]), array([ True,  True,  True,  True,  True,  True,  True,  True,  True,
        True,  True,  True,  True]), array([ True,  True,  True, ...,  True,  True,  True]), array([ True,  True,  True, ...,  True,  True,  True]), array([ True,  True,  True, ...,  True,  True,  True]), array([ True,  True,  True, ...,  True,  True,  True]), array([ True,  True,  True, ...,  True,  True,  True]), array([ True,  True,  True, ...,  True,  True,  True]), array([ True,  True,  True, ...,  True,  True,  True]), array([ True,  True,  True, ...,  True,  True,  True]), array([ True,  True,  True, ...,  True,  True,  True]), array([ True,  True,  True, ...,  True,  True,  True]), array([ True,  True,  True, ...,  True,  True,  True]), array([ True,  True,  True, ...,  True,  True,  True]), array([ True,  True,  True, ...,  True,  True,  True]), array([ True,  True,  True, ...,  True,  True,  True]), array([ True,  True,  True, ...,  True,  True,  True]), array([ True,  True,  True, ...,  True,  True,  True]), array([ True,  True,  True, ...,  True,  True,  True]), array([ True,  True,  True, ...,  True,  True,  True]), array([ True,  True,  True, ...,  True,  True,  True]), array([ True,  True,  True, ...,  True,  True,  True]), array([ True,  True,  True, ...,  True,  True,  True]), array([ True,  True,  True, ...,  True,  True,  True]), array([ True,  True,  True, ...,  True,  True,  True]), array([ True,  True,  True, ...,  True,  True,  True]), array([ True,  True,  True, ...,  True,  True,  True]), array([ True,  True,  True, ...,  True,  True,  True]), array([ True,  True,  True, ...,  True,  True,  True]), array([ True,  True,  True, ...,  True,  True,  True]), array([ True,  True,  True, ...,  True,  True,  True]), array([ True,  True,  True, ...,  True,  True,  True]), array([ True,  True,  True, ...,  True,  True,  True]), array([ True,  True,  True, ...,  True,  True,  True]), array([ True,  True,  True, ...,  True,  True,  True]), array([ True,  True,  True, ...,  True,  True,  True]), array([ True,  True,  True, ...,  True,  True,  True]), array([ True,  True,  True, ...,  True,  True,  True]), array([ True,  True,  True, ...,  True,  True,  True]), array([ True,  True,  True, ...,  True,  True,  True]), array([ True,  True,  True, ...,  True,  True,  True]), array([ True,  True,  True, ...,  True,  True,  True]), array([ True,  True,  True, ...,  True,  True,  True]), array([ True,  True,  True, ...,  True,  True,  True]), array([ True,  True,  True, ...,  True,  True,  True]), array([ True,  True,  True, ...,  True,  True,  True]), array([ True,  True,  True, ...,  True,  True,  True]), array([ True,  True,  True, ...,  True,  True,  True]), array([ True,  True,  True, ...,  True,  True,  True]), array([ True,  True,  True, ...,  True,  True,  True]), array([ True,  True,  True, ...,  True,  True,  True]), array([ True,  True,  True, ...,  True,  True,  True]), array([ True,  True,  True, ...,  True,  True,  True]), array([ True,  True,  True, ...,  True,  True,  True]), array([ True,  True,  True, ...,  True,  True,  True]), array([ True,  True,  True, ...,  True,  True,  True]), array([ True,  True,  True, ...,  True,  True,  True]), array([ True,  True,  True, ...,  True,  True,  True]), array([ True,  True,  True, ...,  True,  True,  True]), array([ True,  True,  True, ...,  True,  True,  True]), array([ True,  True,  True, ...,  True,  True,  True]), array([ True,  True,  True, ...,  True,  True,  True]), array([ True,  True,  True, ...,  True,  True,  True]), array([ True,  True,  True, ...,  True,  True,  True]), array([ True,  True,  True, ...,  True,  True,  True]), array([ True,  True,  True, ...,  True,  True,  True]), array([ True,  True,  True, ...,  True,  True,  True]), array([ True,  True,  True, ...,  True,  True,  True]), array([ True,  True,  True, ...,  True,  True,  True]), array([ True,  True,  True, ...,  True,  True,  True])]}
